<?xml version="1.0" encoding="UTF-8"?>
<testsuite xmlns:xsi="http://www.w3.org/2001/XMLSchema-instance" xsi:noNamespaceSchemaLocation="https://maven.apache.org/surefire/maven-surefire-plugin/xsd/surefire-test-report.xsd" name="TestSuite" time="2.387" tests="8" errors="0" skipped="0" failures="0">
  <properties>
[...]
</properties>
  <testcase name="Test101A" classname="com.fwbpg01.testCondition002.test101" time="0.01"/>
  <testcase name="Test001A" classname="com.fwbpg01.testCondition001.test001" time="0.012"/>
  <testcase name="Test001B" classname="com.fwbpg01.testCondition001.test001" time="0.004"/>
  <testcase name="Test101B" classname="com.fwbpg01.testCondition002.test101" time="0.004"/>
  <testcase name="Test102A" classname="com.fwbpg01.testCondition002.test102" time="0.001"/>
  <testcase name="Test102B" classname="com.fwbpg01.testCondition002.test102" time="0.002"/>
  <testcase name="Test002A" classname="com.fwbpg01.testCondition001.test002" time="0.002"/>
  <testcase name="Test002B" classname="com.fwbpg01.testCondition001.test002" time="0.002"/>
</testsuite>