<?xml version="1.0" encoding="UTF-8"?>
<!-- Generated by org.testng.reporters.JUnitXMLReporter -->
<testsuite hostname="Pankaj-PC" ignored="0" name="TestCondition001" tests="4" failures="0" timestamp="2021-07-22T10:44:30 IST" time="0.155" errors="0">
  <testcase name="Test001A" time="0.007" classname="com.fwbpg01.testCondition001.test001"/>
  <testcase name="Test001B" time="0.001" classname="com.fwbpg01.testCondition001.test001"/>
  <testcase name="Test002A" time="0.0" classname="com.fwbpg01.testCondition001.test002"/>
  <testcase name="Test002B" time="0.0" classname="com.fwbpg01.testCondition001.test002"/>
</testsuite> <!-- TestCondition001 -->
