<?xml version="1.0" encoding="UTF-8"?>
<testng-results skipped="0" failed="0" ignored="0" total="1" passed="1">
  <reporter-output>
  </reporter-output>
  <suite name="Default suite" duration-ms="6908" started-at="2021-07-22T16:02:08 IST" finished-at="2021-07-22T16:02:15 IST">
    <groups>
    </groups>
    <test name="Default test" duration-ms="6908" started-at="2021-07-22T16:02:08 IST" finished-at="2021-07-22T16:02:15 IST">
      <class name="sanityTest">
        <test-method status="PASS" signature="SanityTC001()[pri:0, instance:sanityTest@670b40af]" name="SanityTC001" duration-ms="6192" started-at="2021-07-22T16:02:08 IST" finished-at="2021-07-22T16:02:14 IST">
          <reporter-output>
          </reporter-output>
        </test-method> <!-- SanityTC001 -->
        <test-method status="PASS" signature="AfterMethod()[pri:0, instance:sanityTest@670b40af]" name="AfterMethod" is-config="true" duration-ms="654" started-at="2021-07-22T16:02:14 IST" finished-at="2021-07-22T16:02:15 IST">
          <reporter-output>
          </reporter-output>
        </test-method> <!-- AfterMethod -->
      </class> <!-- sanityTest -->
    </test> <!-- Default test -->
  </suite> <!-- Default suite -->
</testng-results>
