<?xml version="1.0" encoding="UTF-8"?>
<!-- Generated by org.testng.reporters.JUnitXMLReporter -->
<testsuite hostname="Pankaj-PC" ignored="0" name="TestCondition002" tests="4" failures="0" timestamp="2021-07-21T14:27:49 IST" time="0.138" errors="0">
  <testcase name="Test101A" time="0.014" classname="com.fwbpg01.testCondition002.test101"/>
  <testcase name="Test101B" time="0.003" classname="com.fwbpg01.testCondition002.test101"/>
  <testcase name="Test102A" time="0.003" classname="com.fwbpg01.testCondition002.test102"/>
  <testcase name="Test102B" time="0.005" classname="com.fwbpg01.testCondition002.test102"/>
</testsuite> <!-- TestCondition002 -->
