<?xml version="1.0" encoding="UTF-8"?>
<testng-results skipped="0" failed="0" ignored="0" total="1" passed="1">
  <reporter-output>
  </reporter-output>
  <suite name="Default suite" duration-ms="39162" started-at="2021-07-23T12:43:29 IST" finished-at="2021-07-23T12:44:08 IST">
    <groups>
    </groups>
    <test name="Default test" duration-ms="39162" started-at="2021-07-23T12:43:29 IST" finished-at="2021-07-23T12:44:08 IST">
      <class name="com.flipkart.check.flipkartTEST01">
        <test-method status="PASS" signature="setup()[pri:0, instance:com.flipkart.check.flipkartTEST01@69b0fd6f]" name="setup" is-config="true" duration-ms="14" started-at="2021-07-23T12:43:29 IST" finished-at="2021-07-23T12:43:29 IST">
          <reporter-output>
          </reporter-output>
        </test-method> <!-- setup -->
        <test-method status="PASS" signature="checkMobileName()[pri:0, instance:com.flipkart.check.flipkartTEST01@69b0fd6f]" name="checkMobileName" duration-ms="32740" started-at="2021-07-23T12:43:29 IST" finished-at="2021-07-23T12:44:02 IST">
          <reporter-output>
          </reporter-output>
        </test-method> <!-- checkMobileName -->
        <test-method status="PASS" signature="AfterMethod()[pri:0, instance:com.flipkart.check.flipkartTEST01@69b0fd6f]" name="AfterMethod" is-config="true" duration-ms="6315" started-at="2021-07-23T12:44:02 IST" finished-at="2021-07-23T12:44:08 IST">
          <reporter-output>
          </reporter-output>
        </test-method> <!-- AfterMethod -->
      </class> <!-- com.flipkart.check.flipkartTEST01 -->
    </test> <!-- Default test -->
  </suite> <!-- Default suite -->
</testng-results>
