<?xml version="1.0" encoding="UTF-8"?>
<!-- Generated by org.testng.reporters.JUnitXMLReporter -->
<testsuite ignored="0" hostname="Pankaj-PC" failures="0" tests="4" name="TestCondition001" time="0.08" errors="0" timestamp="20 Jul 2021 19:18:17 GMT">
  <testcase classname="com.fwbpg01.testCondition001.test001" name="Test001A" time="0.02"/>
  <testcase classname="com.fwbpg01.testCondition001.test001" name="Test001B" time="0.003"/>
  <testcase classname="com.fwbpg01.testCondition001.test002" name="Test002A" time="0.005"/>
  <testcase classname="com.fwbpg01.testCondition001.test002" name="Test002B" time="0.003"/>
</testsuite> <!-- TestCondition001 -->
