<?xml version="1.0" encoding="UTF-8"?>
<!-- Generated by org.testng.reporters.JUnitXMLReporter -->
<testsuite ignored="0" hostname="Pankaj-PC" failures="0" tests="4" name="TestCondition002" time="0.031" errors="0" timestamp="20 Jul 2021 19:18:17 GMT">
  <testcase classname="com.fwbpg01.testCondition002.test101" name="Test101A" time="0.002"/>
  <testcase classname="com.fwbpg01.testCondition002.test101" name="Test101B" time="0.003"/>
  <testcase classname="com.fwbpg01.testCondition002.test102" name="Test102A" time="0.001"/>
  <testcase classname="com.fwbpg01.testCondition002.test102" name="Test102B" time="0.004"/>
</testsuite> <!-- TestCondition002 -->
