<?xml version="1.0" encoding="UTF-8"?>
<testng-results skipped="0" failed="0" ignored="0" total="1" passed="1">
  <reporter-output>
  </reporter-output>
  <suite name="Suite" duration-ms="34202" started-at="2021-07-23T11:21:01 IST" finished-at="2021-07-23T11:21:36 IST">
    <groups>
    </groups>
    <test name="FlipkartTest" duration-ms="34202" started-at="2021-07-23T11:21:01 IST" finished-at="2021-07-23T11:21:36 IST">
      <class name="com.flipkart.check.flipkartTEST01">
        <test-method status="PASS" signature="setup()[pri:0, instance:com.flipkart.check.flipkartTEST01@1f7030a6]" name="setup" is-config="true" duration-ms="23" started-at="2021-07-23T11:21:01 IST" finished-at="2021-07-23T11:21:01 IST">
          <reporter-output>
          </reporter-output>
        </test-method> <!-- setup -->
        <test-method status="PASS" signature="checkMobileName()[pri:0, instance:com.flipkart.check.flipkartTEST01@1f7030a6]" name="checkMobileName" duration-ms="33273" started-at="2021-07-23T11:21:02 IST" finished-at="2021-07-23T11:21:35 IST">
          <reporter-output>
          </reporter-output>
        </test-method> <!-- checkMobileName -->
        <test-method status="PASS" signature="AfterMethod()[pri:0, instance:com.flipkart.check.flipkartTEST01@1f7030a6]" name="AfterMethod" is-config="true" duration-ms="857" started-at="2021-07-23T11:21:35 IST" finished-at="2021-07-23T11:21:36 IST">
          <reporter-output>
          </reporter-output>
        </test-method> <!-- AfterMethod -->
      </class> <!-- com.flipkart.check.flipkartTEST01 -->
    </test> <!-- FlipkartTest -->
  </suite> <!-- Suite -->
</testng-results>
